mode: set
github.com/jackc/pgx/internal/sanitize/sanitize.go:19.63,22.31 2 1
github.com/jackc/pgx/internal/sanitize/sanitize.go:40.2,40.26 1 1
github.com/jackc/pgx/internal/sanitize/sanitize.go:22.31,24.30 2 1
github.com/jackc/pgx/internal/sanitize/sanitize.go:38.3,38.23 1 1
github.com/jackc/pgx/internal/sanitize/sanitize.go:25.15,26.14 1 1
github.com/jackc/pgx/internal/sanitize/sanitize.go:27.12,29.29 2 1
github.com/jackc/pgx/internal/sanitize/sanitize.go:35.11,36.56 1 0
github.com/jackc/pgx/internal/sanitize/sanitize.go:30.13,31.44 1 1
github.com/jackc/pgx/internal/sanitize/sanitize.go:32.16,33.27 1 1
github.com/jackc/pgx/internal/sanitize/sanitize.go:43.43,49.23 2 1
github.com/jackc/pgx/internal/sanitize/sanitize.go:53.2,55.19 2 1
github.com/jackc/pgx/internal/sanitize/sanitize.go:49.23,51.3 1 1
github.com/jackc/pgx/internal/sanitize/sanitize.go:58.37,60.2 1 1
github.com/jackc/pgx/internal/sanitize/sanitize.go:72.36,73.6 1 1
github.com/jackc/pgx/internal/sanitize/sanitize.go:73.6,77.12 3 1
github.com/jackc/pgx/internal/sanitize/sanitize.go:78.13,79.27 1 1
github.com/jackc/pgx/internal/sanitize/sanitize.go:80.12,81.27 1 1
github.com/jackc/pgx/internal/sanitize/sanitize.go:82.12,84.42 2 1
github.com/jackc/pgx/internal/sanitize/sanitize.go:91.23,92.25 1 1
github.com/jackc/pgx/internal/sanitize/sanitize.go:96.4,96.14 1 1
github.com/jackc/pgx/internal/sanitize/sanitize.go:84.42,85.26 1 1
github.com/jackc/pgx/internal/sanitize/sanitize.go:88.5,89.28 2 1
github.com/jackc/pgx/internal/sanitize/sanitize.go:85.26,87.6 1 1
github.com/jackc/pgx/internal/sanitize/sanitize.go:92.25,95.5 2 1
github.com/jackc/pgx/internal/sanitize/sanitize.go:101.44,102.6 1 1
github.com/jackc/pgx/internal/sanitize/sanitize.go:102.6,106.12 3 1
github.com/jackc/pgx/internal/sanitize/sanitize.go:107.13,109.24 2 1
github.com/jackc/pgx/internal/sanitize/sanitize.go:112.4,112.18 1 1
github.com/jackc/pgx/internal/sanitize/sanitize.go:113.23,114.25 1 0
github.com/jackc/pgx/internal/sanitize/sanitize.go:118.4,118.14 1 0
github.com/jackc/pgx/internal/sanitize/sanitize.go:109.24,111.5 1 1
github.com/jackc/pgx/internal/sanitize/sanitize.go:114.25,117.5 2 0
github.com/jackc/pgx/internal/sanitize/sanitize.go:123.44,124.6 1 1
github.com/jackc/pgx/internal/sanitize/sanitize.go:124.6,128.12 3 1
github.com/jackc/pgx/internal/sanitize/sanitize.go:129.12,131.23 2 1
github.com/jackc/pgx/internal/sanitize/sanitize.go:134.4,134.18 1 1
github.com/jackc/pgx/internal/sanitize/sanitize.go:135.23,136.25 1 0
github.com/jackc/pgx/internal/sanitize/sanitize.go:140.4,140.14 1 0
github.com/jackc/pgx/internal/sanitize/sanitize.go:131.23,133.5 1 1
github.com/jackc/pgx/internal/sanitize/sanitize.go:136.25,139.5 2 0
github.com/jackc/pgx/internal/sanitize/sanitize.go:147.44,150.6 2 1
github.com/jackc/pgx/internal/sanitize/sanitize.go:150.6,154.27 3 1
github.com/jackc/pgx/internal/sanitize/sanitize.go:154.27,157.4 2 1
github.com/jackc/pgx/internal/sanitize/sanitize.go:157.4,162.4 4 1
github.com/jackc/pgx/internal/sanitize/sanitize.go:169.67,171.16 2 0
github.com/jackc/pgx/internal/sanitize/sanitize.go:174.2,174.32 1 0
github.com/jackc/pgx/internal/sanitize/sanitize.go:171.16,173.3 1 0
